{"C:\\Users\\User\\Documents\\GitHub\\BackEnd\\src\\api\\handlers\\dishes\\create.js": {"path":"C:\\Users\\User\\Documents\\GitHub\\BackEnd\\src\\api\\handlers\\dishes\\create.js","all":false,"statementMap":{"0":{"start":{"line":1,"column":0},"end":{"line":1,"column":46}},"1":{"start":{"line":2,"column":0},"end":{"line":2,"column":0}},"2":{"start":{"line":3,"column":0},"end":{"line":3,"column":49}},"3":{"start":{"line":4,"column":0},"end":{"line":4,"column":48}},"4":{"start":{"line":5,"column":0},"end":{"line":5,"column":0}},"5":{"start":{"line":6,"column":0},"end":{"line":6,"column":49}},"6":{"start":{"line":7,"column":0},"end":{"line":7,"column":31}},"7":{"start":{"line":8,"column":0},"end":{"line":8,"column":0}},"8":{"start":{"line":9,"column":0},"end":{"line":9,"column":34}},"9":{"start":{"line":10,"column":0},"end":{"line":10,"column":2}}},"s":{"0":1,"1":1,"2":1,"3":5,"4":5,"5":5,"6":5,"7":5,"8":5,"9":5},"branchMap":{"0":{"type":"branch","line":3,"loc":{"start":{"line":3,"column":28},"end":{"line":10,"column":2}},"locations":[{"start":{"line":3,"column":28},"end":{"line":10,"column":2}}]}},"b":{"0":[5]},"fnMap":{"0":{"name":"Object.<anonymous>.module.exports.createDish","decl":{"start":{"line":3,"column":28},"end":{"line":10,"column":2}},"loc":{"start":{"line":3,"column":28},"end":{"line":10,"column":2}},"line":3}},"f":{"0":5}}
,"C:\\Users\\User\\Documents\\GitHub\\BackEnd\\src\\api\\handlers\\tables\\getTables.js": {"path":"C:\\Users\\User\\Documents\\GitHub\\BackEnd\\src\\api\\handlers\\tables\\getTables.js","all":false,"statementMap":{"0":{"start":{"line":1,"column":0},"end":{"line":1,"column":46}},"1":{"start":{"line":2,"column":0},"end":{"line":2,"column":0}},"2":{"start":{"line":3,"column":0},"end":{"line":3,"column":3}},"3":{"start":{"line":4,"column":0},"end":{"line":4,"column":3}},"4":{"start":{"line":5,"column":0},"end":{"line":5,"column":23}},"5":{"start":{"line":6,"column":0},"end":{"line":6,"column":29}},"6":{"start":{"line":7,"column":0},"end":{"line":7,"column":58}},"7":{"start":{"line":8,"column":0},"end":{"line":8,"column":18}},"8":{"start":{"line":9,"column":0},"end":{"line":9,"column":3}},"9":{"start":{"line":10,"column":0},"end":{"line":10,"column":48}},"10":{"start":{"line":11,"column":0},"end":{"line":11,"column":30}},"11":{"start":{"line":12,"column":0},"end":{"line":12,"column":0}},"12":{"start":{"line":13,"column":0},"end":{"line":13,"column":28}},"13":{"start":{"line":14,"column":0},"end":{"line":14,"column":35}},"14":{"start":{"line":15,"column":0},"end":{"line":15,"column":36}},"15":{"start":{"line":16,"column":0},"end":{"line":16,"column":2}},"16":{"start":{"line":17,"column":0},"end":{"line":17,"column":0}},"17":{"start":{"line":18,"column":0},"end":{"line":18,"column":43}},"18":{"start":{"line":19,"column":0},"end":{"line":19,"column":24}},"19":{"start":{"line":20,"column":0},"end":{"line":20,"column":10}},"20":{"start":{"line":21,"column":0},"end":{"line":21,"column":87}},"21":{"start":{"line":22,"column":0},"end":{"line":22,"column":6}},"22":{"start":{"line":23,"column":0},"end":{"line":23,"column":2}},"23":{"start":{"line":24,"column":0},"end":{"line":24,"column":0}},"24":{"start":{"line":25,"column":0},"end":{"line":25,"column":32}},"25":{"start":{"line":26,"column":0},"end":{"line":26,"column":35}},"26":{"start":{"line":27,"column":0},"end":{"line":27,"column":35}},"27":{"start":{"line":28,"column":0},"end":{"line":28,"column":0}},"28":{"start":{"line":29,"column":0},"end":{"line":29,"column":39}},"29":{"start":{"line":30,"column":0},"end":{"line":30,"column":35}},"30":{"start":{"line":31,"column":0},"end":{"line":31,"column":2}}},"s":{"0":1,"1":1,"2":1,"3":1,"4":1,"5":1,"6":1,"7":1,"8":1,"9":1,"10":4,"11":4,"12":4,"13":1,"14":1,"15":1,"16":3,"17":4,"18":1,"19":1,"20":1,"21":1,"22":1,"23":2,"24":2,"25":1,"26":4,"27":4,"28":4,"29":2,"30":2},"branchMap":{"0":{"type":"branch","line":10,"loc":{"start":{"line":10,"column":27},"end":{"line":31,"column":2}},"locations":[{"start":{"line":10,"column":27},"end":{"line":31,"column":2}}]},"1":{"type":"branch","line":13,"loc":{"start":{"line":13,"column":27},"end":{"line":16,"column":2}},"locations":[{"start":{"line":13,"column":27},"end":{"line":16,"column":2}}]},"2":{"type":"branch","line":16,"loc":{"start":{"line":16,"column":1},"end":{"line":18,"column":42}},"locations":[{"start":{"line":16,"column":1},"end":{"line":18,"column":42}}]},"3":{"type":"branch","line":18,"loc":{"start":{"line":18,"column":42},"end":{"line":23,"column":2}},"locations":[{"start":{"line":18,"column":42},"end":{"line":23,"column":2}}]},"4":{"type":"branch","line":23,"loc":{"start":{"line":23,"column":1},"end":{"line":25,"column":32}},"locations":[{"start":{"line":23,"column":1},"end":{"line":25,"column":32}}]},"5":{"type":"branch","line":26,"loc":{"start":{"line":26,"column":-2},"end":{"line":26,"column":35}},"locations":[{"start":{"line":26,"column":-2},"end":{"line":26,"column":35}}]},"6":{"type":"branch","line":27,"loc":{"start":{"line":27,"column":-2},"end":{"line":27,"column":34}},"locations":[{"start":{"line":27,"column":-2},"end":{"line":27,"column":34}}]},"7":{"type":"branch","line":29,"loc":{"start":{"line":29,"column":38},"end":{"line":31,"column":2}},"locations":[{"start":{"line":29,"column":38},"end":{"line":31,"column":2}}]}},"b":{"0":[4],"1":[1],"2":[3],"3":[1],"4":[2],"5":[1],"6":[1],"7":[2]},"fnMap":{"0":{"name":"Object.<anonymous>.module.exports.getTables","decl":{"start":{"line":10,"column":27},"end":{"line":31,"column":2}},"loc":{"start":{"line":10,"column":27},"end":{"line":31,"column":2}},"line":10}},"f":{"0":4}}
,"C:\\Users\\User\\Documents\\GitHub\\BackEnd\\src\\shared\\wrapperApi.js": {"path":"C:\\Users\\User\\Documents\\GitHub\\BackEnd\\src\\shared\\wrapperApi.js","all":false,"statementMap":{"0":{"start":{"line":1,"column":0},"end":{"line":1,"column":42}},"1":{"start":{"line":2,"column":0},"end":{"line":2,"column":29}},"2":{"start":{"line":3,"column":0},"end":{"line":3,"column":7}},"3":{"start":{"line":4,"column":0},"end":{"line":4,"column":27}},"4":{"start":{"line":5,"column":0},"end":{"line":5,"column":17}},"5":{"start":{"line":6,"column":0},"end":{"line":6,"column":54}},"6":{"start":{"line":7,"column":0},"end":{"line":7,"column":13}},"7":{"start":{"line":8,"column":0},"end":{"line":8,"column":16}},"8":{"start":{"line":9,"column":0},"end":{"line":9,"column":66}},"9":{"start":{"line":10,"column":0},"end":{"line":10,"column":3}},"10":{"start":{"line":11,"column":0},"end":{"line":11,"column":3}},"11":{"start":{"line":12,"column":0},"end":{"line":12,"column":2}}},"s":{"0":1,"1":4,"2":4,"3":4,"4":2,"5":2,"6":2,"7":2,"8":2,"9":2,"10":4,"11":4},"branchMap":{"0":{"type":"branch","line":1,"loc":{"start":{"line":1,"column":29},"end":{"line":12,"column":2}},"locations":[{"start":{"line":1,"column":29},"end":{"line":12,"column":2}}]},"1":{"type":"branch","line":2,"loc":{"start":{"line":2,"column":8},"end":{"line":11,"column":2}},"locations":[{"start":{"line":2,"column":8},"end":{"line":11,"column":2}}]},"2":{"type":"branch","line":4,"loc":{"start":{"line":4,"column":26},"end":{"line":10,"column":3}},"locations":[{"start":{"line":4,"column":26},"end":{"line":10,"column":3}}]}},"b":{"0":[4],"1":[4],"2":[2]},"fnMap":{"0":{"name":"Object.<anonymous>.module.exports.wrapperApi","decl":{"start":{"line":1,"column":29},"end":{"line":12,"column":2}},"loc":{"start":{"line":1,"column":29},"end":{"line":12,"column":2}},"line":1}},"f":{"0":4}}
}
