TN:
SF:src\api\handlers\tables\createTable.js
FN:3,Object.<anonymous>.module.exports.createTable
FNF:1
FNH:1
FNDA:5,Object.<anonymous>.module.exports.createTable
DA:1,1
DA:2,1
DA:3,1
DA:4,5
DA:5,5
DA:6,5
DA:7,1
DA:8,1
DA:9,1
DA:10,1
DA:11,4
DA:12,4
DA:13,0
DA:14,0
DA:15,0
DA:16,0
DA:17,0
DA:18,0
DA:19,0
DA:20,0
DA:21,0
DA:22,0
DA:23,0
DA:24,0
DA:25,0
DA:26,0
DA:27,0
DA:28,0
DA:29,0
DA:30,0
DA:31,0
DA:32,0
DA:33,5
LF:33
LH:13
BRDA:3,0,0,5
BRDA:6,1,0,1
BRDA:10,2,0,4
BRDA:12,3,0,0
BRF:4
BRH:3
end_of_record
