TN:
SF:src\api\handlers\dishes\create.js
FN:3,Object.<anonymous>.module.exports.createDish
FNF:1
FNH:1
FNDA:5,Object.<anonymous>.module.exports.createDish
DA:1,1
DA:2,1
DA:3,1
DA:4,5
DA:5,5
DA:6,5
DA:7,5
DA:8,5
DA:9,5
DA:10,5
LF:10
LH:10
BRDA:3,0,0,5
BRF:1
BRH:1
end_of_record
TN:
SF:src\api\handlers\tables\getTables.js
FN:10,Object.<anonymous>.module.exports.getTables
FNF:1
FNH:1
FNDA:4,Object.<anonymous>.module.exports.getTables
DA:1,1
DA:2,1
DA:3,1
DA:4,1
DA:5,1
DA:6,1
DA:7,1
DA:8,1
DA:9,1
DA:10,1
DA:11,4
DA:12,4
DA:13,4
DA:14,1
DA:15,1
DA:16,1
DA:17,3
DA:18,4
DA:19,1
DA:20,1
DA:21,1
DA:22,1
DA:23,1
DA:24,2
DA:25,2
DA:26,1
DA:27,4
DA:28,4
DA:29,4
DA:30,2
DA:31,2
LF:31
LH:31
BRDA:10,0,0,4
BRDA:13,1,0,1
BRDA:16,2,0,3
BRDA:18,3,0,1
BRDA:23,4,0,2
BRDA:26,5,0,1
BRDA:27,6,0,1
BRDA:29,7,0,2
BRF:8
BRH:8
end_of_record
TN:
SF:src\shared\wrapperApi.js
FN:1,Object.<anonymous>.module.exports.wrapperApi
FNF:1
FNH:1
FNDA:4,Object.<anonymous>.module.exports.wrapperApi
DA:1,1
DA:2,4
DA:3,4
DA:4,4
DA:5,2
DA:6,2
DA:7,2
DA:8,2
DA:9,2
DA:10,2
DA:11,4
DA:12,4
LF:12
LH:12
BRDA:1,0,0,4
BRDA:2,1,0,4
BRDA:4,2,0,2
BRF:3
BRH:3
end_of_record
